mobile/app/build/intermediates/manifest_merge_blame_file/debug/processDebugMainManifest/manifest-merger-blame-debug-report.txt
1<?xml version="1.0" encoding="utf-8"?>
2<manifest xmlns:android="http://schemas.android.com/apk/res/android"
3    package="com.locapin.mobile"
4    android:versionCode="1"
5    android:versionName="1.0.0" >
6
7    <uses-sdk
7-->INJECTED
8        android:minSdkVersion="26"
8-->INJECTED
9        android:targetSdkVersion="36" />
9-->INJECTED
10
11    <uses-permission android:name="android.permission.ACCESS_FINE_LOCATION" />
11-->src\main\AndroidManifest.xml:5:5-79
11-->src\main\AndroidManifest.xml:5:22-76
12    <uses-permission android:name="android.permission.ACCESS_COARSE_LOCATION" />
12-->src\main\AndroidManifest.xml:6:5-81
12-->src\main\AndroidManifest.xml:6:22-78
13    <uses-permission android:name="android.permission.INTERNET" />
13-->src\main\AndroidManifest.xml:7:5-67
13-->src\main\AndroidManifest.xml:7:22-64
14    <uses-permission android:name="android.permission.ACCESS_NETWORK_STATE" />
14-->src\main\AndroidManifest.xml:8:5-79
14-->src\main\AndroidManifest.xml:8:22-76
15
16    <queries>
16-->src\main\AndroidManifest.xml:10:5-13:15
17        <package android:name="com.google.android.gms" />
17-->src\main\AndroidManifest.xml:11:9-58
17-->src\main\AndroidManifest.xml:11:18-55
18        <package android:name="com.android.vending" />
18-->src\main\AndroidManifest.xml:12:9-55
18-->src\main\AndroidManifest.xml:12:18-52
19        <package android:name="com.facebook.katana" /> <!-- Needs to be explicitly declared on Android R+ -->
19-->[com.facebook.android:facebook-common:18.2.3] AndroidManifest.xml:16:9-55
19-->[com.facebook.android:facebook-common:18.2.3] AndroidManifest.xml:16:18-52
20        <package android:name="com.google.android.apps.maps" />
20-->[com.google.android.gms:play-services-maps:20.0.0] AndroidManifest.xml:29:7-61
20-->[com.google.android.gms:play-services-maps:20.0.0] AndroidManifest.xml:29:16-59
21    </queries>
22
23    <uses-feature
23-->[com.google.android.gms:play-services-maps:20.0.0] AndroidManifest.xml:22:5-24:33
24        android:glEsVersion="0x00020000"
24-->[com.google.android.gms:play-services-maps:20.0.0] AndroidManifest.xml:23:8-40
25        android:required="true" />
25-->[com.google.android.gms:play-services-maps:20.0.0] AndroidManifest.xml:24:8-31
26
27    <uses-permission android:name="android.permission.WAKE_LOCK" />
27-->[com.google.android.gms:play-services-measurement:23.2.0] AndroidManifest.xml:25:5-68
27-->[com.google.android.gms:play-services-measurement:23.2.0] AndroidManifest.xml:25:22-65
28    <uses-permission android:name="com.google.android.finsky.permission.BIND_GET_INSTALL_REFERRER_SERVICE" />
28-->[com.google.android.gms:play-services-measurement:23.2.0] AndroidManifest.xml:26:5-110
28-->[com.google.android.gms:play-services-measurement:23.2.0] AndroidManifest.xml:26:22-107
29    <uses-permission android:name="com.google.android.gms.permission.AD_ID" />
29-->[com.google.android.gms:play-services-measurement-api:23.2.0] AndroidManifest.xml:25:5-79
29-->[com.google.android.gms:play-services-measurement-api:23.2.0] AndroidManifest.xml:25:22-76
30    <uses-permission android:name="android.permission.ACCESS_ADSERVICES_ATTRIBUTION" />
30-->[com.google.android.gms:play-services-measurement-api:23.2.0] AndroidManifest.xml:26:5-88
30-->[com.google.android.gms:play-services-measurement-api:23.2.0] AndroidManifest.xml:26:22-85
31    <uses-permission android:name="android.permission.ACCESS_ADSERVICES_AD_ID" />
31-->[com.google.android.gms:play-services-measurement-api:23.2.0] AndroidManifest.xml:27:5-82
31-->[com.google.android.gms:play-services-measurement-api:23.2.0] AndroidManifest.xml:27:22-79
32    <uses-permission android:name="com.google.android.providers.gsf.permission.READ_GSERVICES" />
32-->[com.google.android.recaptcha:recaptcha:18.6.1] AndroidManifest.xml:9:5-98
32-->[com.google.android.recaptcha:recaptcha:18.6.1] AndroidManifest.xml:9:22-95
33    <uses-permission android:name="android.permission.ACCESS_ADSERVICES_CUSTOM_AUDIENCE" />
33-->[com.facebook.android:facebook-core:18.2.3] AndroidManifest.xml:18:5-92
33-->[com.facebook.android:facebook-core:18.2.3] AndroidManifest.xml:18:22-89
34    <uses-permission android:name="android.permission.ACCESS_ADSERVICES_TOPICS" />
34-->[com.facebook.android:facebook-core:18.2.3] AndroidManifest.xml:19:5-83
34-->[com.facebook.android:facebook-core:18.2.3] AndroidManifest.xml:19:22-80
35
36    <permission
36-->[androidx.core:core:1.18.0] AndroidManifest.xml:22:5-24:47
37        android:name="com.locapin.mobile.DYNAMIC_RECEIVER_NOT_EXPORTED_PERMISSION"
37-->[androidx.core:core:1.18.0] AndroidManifest.xml:23:9-81
38        android:protectionLevel="signature" />
38-->[androidx.core:core:1.18.0] AndroidManifest.xml:24:9-44
39
40    <uses-permission android:name="com.locapin.mobile.DYNAMIC_RECEIVER_NOT_EXPORTED_PERMISSION" />
40-->[androidx.core:core:1.18.0] AndroidManifest.xml:26:5-97
40-->[androidx.core:core:1.18.0] AndroidManifest.xml:26:22-94
41
42    <application
42-->src\main\AndroidManifest.xml:15:5-45:19
43        android:name="com.locapin.mobile.LocaPinApp"
43-->src\main\AndroidManifest.xml:16:9-35
44        android:allowBackup="true"
44-->src\main\AndroidManifest.xml:17:9-35
45        android:appComponentFactory="androidx.core.app.CoreComponentFactory"
45-->[androidx.core:core:1.18.0] AndroidManifest.xml:28:18-86
46        android:debuggable="true"
47        android:extractNativeLibs="false"
47-->INJECTED
48        android:icon="@drawable/locapin_logo"
48-->src\main\AndroidManifest.xml:18:9-46
49        android:label="@string/app_name"
49-->src\main\AndroidManifest.xml:19:9-41
50        android:roundIcon="@drawable/locapin_logo"
50-->src\main\AndroidManifest.xml:20:9-51
51        android:supportsRtl="true"
51-->src\main\AndroidManifest.xml:21:9-35
52        android:testOnly="true"
53        android:theme="@style/Theme.LocaPin" >
53-->src\main\AndroidManifest.xml:22:9-45
54        <meta-data
54-->INJECTED
55            android:name="com.google.android.geo.API_KEY"
55-->src\main\AndroidManifest.xml:25:13-58
56            android:value="YOUR_GOOGLE_MAPS_API_KEY_HERE" />
56-->INJECTED
57        <meta-data
57-->src\main\AndroidManifest.xml:28:9-30:55
58            android:name="com.facebook.sdk.ApplicationId"
58-->src\main\AndroidManifest.xml:29:13-58
59            android:value="@string/facebook_app_id" />
59-->src\main\AndroidManifest.xml:30:13-52
60        <meta-data
60-->src\main\AndroidManifest.xml:31:9-33:61
61            android:name="com.facebook.sdk.ClientToken"
61-->src\main\AndroidManifest.xml:32:13-56
62            android:value="@string/facebook_client_token" />
62-->src\main\AndroidManifest.xml:33:13-58
63
64        <activity
64-->src\main\AndroidManifest.xml:35:9-43:20
65            android:name="com.locapin.mobile.MainActivity"
65-->src\main\AndroidManifest.xml:36:13-41
66            android:exported="true"
66-->src\main\AndroidManifest.xml:37:13-36
67            android:theme="@style/Theme.LocaPin" >
67-->src\main\AndroidManifest.xml:38:13-49
68            <intent-filter>
68-->src\main\AndroidManifest.xml:39:13-42:29
69                <action android:name="android.intent.action.MAIN" />
69-->src\main\AndroidManifest.xml:40:17-69
69-->src\main\AndroidManifest.xml:40:25-66
70
71                <category android:name="android.intent.category.LAUNCHER" />
71-->src\main\AndroidManifest.xml:41:17-77
71-->src\main\AndroidManifest.xml:41:27-74
72            </intent-filter>
73        </activity>
74        <activity
74-->[com.facebook.android:facebook-common:18.2.3] AndroidManifest.xml:20:9-23:66
75            android:name="com.facebook.FacebookActivity"
75-->[com.facebook.android:facebook-common:18.2.3] AndroidManifest.xml:21:13-57
76            android:configChanges="keyboard|keyboardHidden|screenLayout|screenSize|orientation"
76-->[com.facebook.android:facebook-common:18.2.3] AndroidManifest.xml:22:13-96
77            android:theme="@style/com_facebook_activity_theme" />
77-->[com.facebook.android:facebook-common:18.2.3] AndroidManifest.xml:23:13-63
78        <activity android:name="com.facebook.CustomTabMainActivity" />
78-->[com.facebook.android:facebook-common:18.2.3] AndroidManifest.xml:24:9-71
78-->[com.facebook.android:facebook-common:18.2.3] AndroidManifest.xml:24:19-68
79        <activity
79-->[com.facebook.android:facebook-common:18.2.3] AndroidManifest.xml:25:9-39:20
80            android:name="com.facebook.CustomTabActivity"
80-->[com.facebook.android:facebook-common:18.2.3] AndroidManifest.xml:26:13-58
81            android:exported="true" >
81-->[com.facebook.android:facebook-common:18.2.3] AndroidManifest.xml:27:13-36
82            <intent-filter>
82-->[com.facebook.android:facebook-common:18.2.3] AndroidManifest.xml:29:13-38:29
83                <action android:name="android.intent.action.VIEW" />
83-->[com.facebook.android:facebook-common:18.2.3] AndroidManifest.xml:30:17-69
83-->[com.facebook.android:facebook-common:18.2.3] AndroidManifest.xml:30:25-66
84
85                <category android:name="android.intent.category.DEFAULT" />
85-->[com.facebook.android:facebook-common:18.2.3] AndroidManifest.xml:32:17-76
85-->[com.facebook.android:facebook-common:18.2.3] AndroidManifest.xml:32:27-73
86                <category android:name="android.intent.category.BROWSABLE" />
86-->[com.facebook.android:facebook-common:18.2.3] AndroidManifest.xml:33:17-78
86-->[com.facebook.android:facebook-common:18.2.3] AndroidManifest.xml:33:27-75
87
88                <data
88-->[com.facebook.android:facebook-common:18.2.3] AndroidManifest.xml:35:17-37:50
89                    android:host="cct.com.locapin.mobile"
89-->[com.facebook.android:facebook-common:18.2.3] AndroidManifest.xml:36:21-56
90                    android:scheme="fbconnect" />
90-->[com.facebook.android:facebook-common:18.2.3] AndroidManifest.xml:37:21-47
91            </intent-filter>
92        </activity>
93
94        <provider
94-->[com.google.maps.android:maps-compose:8.2.2] AndroidManifest.xml:24:9-32:20
95            android:name="androidx.startup.InitializationProvider"
95-->[com.google.maps.android:maps-compose:8.2.2] AndroidManifest.xml:25:13-67
96            android:authorities="com.locapin.mobile.androidx-startup"
96-->[com.google.maps.android:maps-compose:8.2.2] AndroidManifest.xml:26:13-68
97            android:exported="false" >
97-->[com.google.maps.android:maps-compose:8.2.2] AndroidManifest.xml:27:13-37
98            <meta-data
98-->[com.google.maps.android:maps-compose:8.2.2] AndroidManifest.xml:29:13-31:52
99                android:name="com.google.maps.android.compose.utils.attribution.AttributionIdInitializer"
99-->[com.google.maps.android:maps-compose:8.2.2] AndroidManifest.xml:30:17-106
100                android:value="androidx.startup" />
100-->[com.google.maps.android:maps-compose:8.2.2] AndroidManifest.xml:31:17-49
101            <meta-data
101-->[com.google.maps.android:maps-ktx:6.0.1] AndroidManifest.xml:30:13-32:52
102                android:name="com.google.maps.android.ktx.utils.attribution.AttributionIdInitializer"
102-->[com.google.maps.android:maps-ktx:6.0.1] AndroidManifest.xml:31:17-102
103                android:value="androidx.startup" />
103-->[com.google.maps.android:maps-ktx:6.0.1] AndroidManifest.xml:32:17-49
104            <meta-data
104-->[androidx.emoji2:emoji2:1.4.0] AndroidManifest.xml:29:13-31:52
105                android:name="androidx.emoji2.text.EmojiCompatInitializer"
105-->[androidx.emoji2:emoji2:1.4.0] AndroidManifest.xml:30:17-75
106                android:value="androidx.startup" />
106-->[androidx.emoji2:emoji2:1.4.0] AndroidManifest.xml:31:17-49
107            <meta-data
107-->[androidx.lifecycle:lifecycle-process:2.9.4] AndroidManifest.xml:29:13-31:52
108                android:name="androidx.lifecycle.ProcessLifecycleInitializer"
108-->[androidx.lifecycle:lifecycle-process:2.9.4] AndroidManifest.xml:30:17-78
109                android:value="androidx.startup" />
109-->[androidx.lifecycle:lifecycle-process:2.9.4] AndroidManifest.xml:31:17-49
110            <meta-data
110-->[com.squareup.okhttp3:okhttp-android:5.3.2] AndroidManifest.xml:16:13-18:52
111                android:name="okhttp3.internal.platform.PlatformInitializer"
111-->[com.squareup.okhttp3:okhttp-android:5.3.2] AndroidManifest.xml:17:17-77
112                android:value="androidx.startup" />
112-->[com.squareup.okhttp3:okhttp-android:5.3.2] AndroidManifest.xml:18:17-49
113            <meta-data
113-->[androidx.profileinstaller:profileinstaller:1.4.0] AndroidManifest.xml:29:13-31:52
114                android:name="androidx.profileinstaller.ProfileInstallerInitializer"
114-->[androidx.profileinstaller:profileinstaller:1.4.0] AndroidManifest.xml:30:17-85
115                android:value="androidx.startup" />
115-->[androidx.profileinstaller:profileinstaller:1.4.0] AndroidManifest.xml:31:17-49
116        </provider>
117
118        <activity
118-->[com.google.firebase:firebase-auth:24.0.1] AndroidManifest.xml:29:9-46:20
119            android:name="com.google.firebase.auth.internal.GenericIdpActivity"
119-->[com.google.firebase:firebase-auth:24.0.1] AndroidManifest.xml:30:13-80
120            android:excludeFromRecents="true"
120-->[com.google.firebase:firebase-auth:24.0.1] AndroidManifest.xml:31:13-46
121            android:exported="true"
121-->[com.google.firebase:firebase-auth:24.0.1] AndroidManifest.xml:32:13-36
122            android:launchMode="singleTask"
122-->[com.google.firebase:firebase-auth:24.0.1] AndroidManifest.xml:33:13-44
123            android:theme="@android:style/Theme.Translucent.NoTitleBar" >
123-->[com.google.firebase:firebase-auth:24.0.1] AndroidManifest.xml:34:13-72
124            <intent-filter>
124-->[com.google.firebase:firebase-auth:24.0.1] AndroidManifest.xml:35:13-45:29
125                <action android:name="android.intent.action.VIEW" />
125-->[com.facebook.android:facebook-common:18.2.3] AndroidManifest.xml:30:17-69
125-->[com.facebook.android:facebook-common:18.2.3] AndroidManifest.xml:30:25-66
126
127                <category android:name="android.intent.category.DEFAULT" />
127-->[com.facebook.android:facebook-common:18.2.3] AndroidManifest.xml:32:17-76
127-->[com.facebook.android:facebook-common:18.2.3] AndroidManifest.xml:32:27-73
128                <category android:name="android.intent.category.BROWSABLE" />
128-->[com.facebook.android:facebook-common:18.2.3] AndroidManifest.xml:33:17-78
128-->[com.facebook.android:facebook-common:18.2.3] AndroidManifest.xml:33:27-75
129
130                <data
130-->[com.facebook.android:facebook-common:18.2.3] AndroidManifest.xml:35:17-37:50
131                    android:host="firebase.auth"
131-->[com.facebook.android:facebook-common:18.2.3] AndroidManifest.xml:36:21-56
132                    android:path="/"
133                    android:scheme="genericidp" />
133-->[com.facebook.android:facebook-common:18.2.3] AndroidManifest.xml:37:21-47
134            </intent-filter>
135        </activity>
136        <activity
136-->[com.google.firebase:firebase-auth:24.0.1] AndroidManifest.xml:47:9-64:20
137            android:name="com.google.firebase.auth.internal.RecaptchaActivity"
137-->[com.google.firebase:firebase-auth:24.0.1] AndroidManifest.xml:48:13-79
138            android:excludeFromRecents="true"
138-->[com.google.firebase:firebase-auth:24.0.1] AndroidManifest.xml:49:13-46
139            android:exported="true"
139-->[com.google.firebase:firebase-auth:24.0.1] AndroidManifest.xml:50:13-36
140            android:launchMode="singleTask"
140-->[com.google.firebase:firebase-auth:24.0.1] AndroidManifest.xml:51:13-44
141            android:theme="@android:style/Theme.Translucent.NoTitleBar" >
141-->[com.google.firebase:firebase-auth:24.0.1] AndroidManifest.xml:52:13-72
142            <intent-filter>
142-->[com.google.firebase:firebase-auth:24.0.1] AndroidManifest.xml:53:13-63:29
143                <action android:name="android.intent.action.VIEW" />
143-->[com.facebook.android:facebook-common:18.2.3] AndroidManifest.xml:30:17-69
143-->[com.facebook.android:facebook-common:18.2.3] AndroidManifest.xml:30:25-66
144
145                <category android:name="android.intent.category.DEFAULT" />
145-->[com.facebook.android:facebook-common:18.2.3] AndroidManifest.xml:32:17-76
145-->[com.facebook.android:facebook-common:18.2.3] AndroidManifest.xml:32:27-73
146                <category android:name="android.intent.category.BROWSABLE" />
146-->[com.facebook.android:facebook-common:18.2.3] AndroidManifest.xml:33:17-78
146-->[com.facebook.android:facebook-common:18.2.3] AndroidManifest.xml:33:27-75
147
148                <data
148-->[com.facebook.android:facebook-common:18.2.3] AndroidManifest.xml:35:17-37:50
149                    android:host="firebase.auth"
149-->[com.facebook.android:facebook-common:18.2.3] AndroidManifest.xml:36:21-56
150                    android:path="/"
151                    android:scheme="recaptcha" />
151-->[com.facebook.android:facebook-common:18.2.3] AndroidManifest.xml:37:21-47
152            </intent-filter>
153        </activity>
154
155        <service
155-->[com.google.firebase:firebase-auth:24.0.1] AndroidManifest.xml:66:9-72:19
156            android:name="com.google.firebase.components.ComponentDiscoveryService"
156-->[com.google.firebase:firebase-auth:24.0.1] AndroidManifest.xml:67:13-84
157            android:directBootAware="true"
157-->[com.google.firebase:firebase-common:22.0.1] AndroidManifest.xml:32:13-43
158            android:exported="false" >
158-->[com.google.firebase:firebase-auth:24.0.1] AndroidManifest.xml:68:13-37
159            <meta-data
159-->[com.google.firebase:firebase-auth:24.0.1] AndroidManifest.xml:69:13-71:85
160                android:name="com.google.firebase.components:com.google.firebase.auth.FirebaseAuthRegistrar"
160-->[com.google.firebase:firebase-auth:24.0.1] AndroidManifest.xml:70:17-109
161                android:value="com.google.firebase.components.ComponentRegistrar" />
161-->[com.google.firebase:firebase-auth:24.0.1] AndroidManifest.xml:71:17-82
162            <meta-data
162-->[com.google.firebase:firebase-firestore:26.1.2] AndroidManifest.xml:17:13-19:85
163                android:name="com.google.firebase.components:com.google.firebase.firestore.FirebaseFirestoreKtxRegistrar"
163-->[com.google.firebase:firebase-firestore:26.1.2] AndroidManifest.xml:18:17-122
164                android:value="com.google.firebase.components.ComponentRegistrar" />
164-->[com.google.firebase:firebase-firestore:26.1.2] AndroidManifest.xml:19:17-82
165            <meta-data
165-->[com.google.firebase:firebase-firestore:26.1.2] AndroidManifest.xml:20:13-22:85
166                android:name="com.google.firebase.components:com.google.firebase.firestore.FirestoreRegistrar"
166-->[com.google.firebase:firebase-firestore:26.1.2] AndroidManifest.xml:21:17-111
167                android:value="com.google.firebase.components.ComponentRegistrar" />
167-->[com.google.firebase:firebase-firestore:26.1.2] AndroidManifest.xml:22:17-82
168            <meta-data
168-->[com.google.android.gms:play-services-measurement-api:23.2.0] AndroidManifest.xml:33:13-35:85
169                android:name="com.google.firebase.components:com.google.firebase.analytics.connector.internal.AnalyticsConnectorRegistrar"
169-->[com.google.android.gms:play-services-measurement-api:23.2.0] AndroidManifest.xml:34:17-139
170                android:value="com.google.firebase.components.ComponentRegistrar" />
170-->[com.google.android.gms:play-services-measurement-api:23.2.0] AndroidManifest.xml:35:17-82
171            <meta-data
171-->[com.google.firebase:firebase-storage:22.0.1] AndroidManifest.xml:30:13-32:85
172                android:name="com.google.firebase.components:com.google.firebase.storage.FirebaseStorageKtxRegistrar"
172-->[com.google.firebase:firebase-storage:22.0.1] AndroidManifest.xml:31:17-118
173                android:value="com.google.firebase.components.ComponentRegistrar" />
173-->[com.google.firebase:firebase-storage:22.0.1] AndroidManifest.xml:32:17-82
174            <meta-data
174-->[com.google.firebase:firebase-storage:22.0.1] AndroidManifest.xml:33:13-35:85
175                android:name="com.google.firebase.components:com.google.firebase.storage.StorageRegistrar"
175-->[com.google.firebase:firebase-storage:22.0.1] AndroidManifest.xml:34:17-107
176                android:value="com.google.firebase.components.ComponentRegistrar" />
176-->[com.google.firebase:firebase-storage:22.0.1] AndroidManifest.xml:35:17-82
177            <meta-data
177-->[com.google.firebase:firebase-installations:19.1.0] AndroidManifest.xml:15:13-17:85
178                android:name="com.google.firebase.components:com.google.firebase.installations.FirebaseInstallationsKtxRegistrar"
178-->[com.google.firebase:firebase-installations:19.1.0] AndroidManifest.xml:16:17-130
179                android:value="com.google.firebase.components.ComponentRegistrar" />
179-->[com.google.firebase:firebase-installations:19.1.0] AndroidManifest.xml:17:17-82
180            <meta-data
180-->[com.google.firebase:firebase-installations:19.1.0] AndroidManifest.xml:18:13-20:85
181                android:name="com.google.firebase.components:com.google.firebase.installations.FirebaseInstallationsRegistrar"
181-->[com.google.firebase:firebase-installations:19.1.0] AndroidManifest.xml:19:17-127
182                android:value="com.google.firebase.components.ComponentRegistrar" />
182-->[com.google.firebase:firebase-installations:19.1.0] AndroidManifest.xml:20:17-82
183            <meta-data
183-->[com.google.firebase:firebase-common:22.0.1] AndroidManifest.xml:35:13-37:85
184                android:name="com.google.firebase.components:com.google.firebase.FirebaseCommonKtxRegistrar"
184-->[com.google.firebase:firebase-common:22.0.1] AndroidManifest.xml:36:17-109
185                android:value="com.google.firebase.components.ComponentRegistrar" />
185-->[com.google.firebase:firebase-common:22.0.1] AndroidManifest.xml:37:17-82
186            <meta-data
186-->[com.google.firebase:firebase-appcheck:19.0.2] AndroidManifest.xml:25:13-27:85
187                android:name="com.google.firebase.components:com.google.firebase.appcheck.FirebaseAppCheckKtxRegistrar"
187-->[com.google.firebase:firebase-appcheck:19.0.2] AndroidManifest.xml:26:17-120
188                android:value="com.google.firebase.components.ComponentRegistrar" />
188-->[com.google.firebase:firebase-appcheck:19.0.2] AndroidManifest.xml:27:17-82
189            <meta-data
189-->[com.google.firebase:firebase-appcheck:19.0.2] AndroidManifest.xml:28:13-30:85
190                android:name="com.google.firebase.components:com.google.firebase.appcheck.FirebaseAppCheckRegistrar"
190-->[com.google.firebase:firebase-appcheck:19.0.2] AndroidManifest.xml:29:17-117
191                android:value="com.google.firebase.components.ComponentRegistrar" />
191-->[com.google.firebase:firebase-appcheck:19.0.2] AndroidManifest.xml:30:17-82
192        </service>
193        <service
193-->[androidx.credentials:credentials-play-services-auth:1.2.0-rc01] AndroidManifest.xml:24:9-32:19
194            android:name="androidx.credentials.playservices.CredentialProviderMetadataHolder"
194-->[androidx.credentials:credentials-play-services-auth:1.2.0-rc01] AndroidManifest.xml:25:13-94
195            android:enabled="true"
195-->[androidx.credentials:credentials-play-services-auth:1.2.0-rc01] AndroidManifest.xml:26:13-35
196            android:exported="false" >
196-->[androidx.credentials:credentials-play-services-auth:1.2.0-rc01] AndroidManifest.xml:27:13-37
197            <meta-data
197-->[androidx.credentials:credentials-play-services-auth:1.2.0-rc01] AndroidManifest.xml:29:13-31:104
198                android:name="androidx.credentials.CREDENTIAL_PROVIDER_KEY"
198-->[androidx.credentials:credentials-play-services-auth:1.2.0-rc01] AndroidManifest.xml:30:17-76
199                android:value="androidx.credentials.playservices.CredentialProviderPlayServicesImpl" />
199-->[androidx.credentials:credentials-play-services-auth:1.2.0-rc01] AndroidManifest.xml:31:17-101
200        </service>
201
202        <activity
202-->[androidx.credentials:credentials-play-services-auth:1.2.0-rc01] AndroidManifest.xml:34:9-41:20
203            android:name="androidx.credentials.playservices.HiddenActivity"
203-->[androidx.credentials:credentials-play-services-auth:1.2.0-rc01] AndroidManifest.xml:35:13-76
204            android:configChanges="orientation|screenSize|screenLayout|keyboardHidden"
204-->[androidx.credentials:credentials-play-services-auth:1.2.0-rc01] AndroidManifest.xml:36:13-87
205            android:enabled="true"
205-->[androidx.credentials:credentials-play-services-auth:1.2.0-rc01] AndroidManifest.xml:37:13-35
206            android:exported="false"
206-->[androidx.credentials:credentials-play-services-auth:1.2.0-rc01] AndroidManifest.xml:38:13-37
207            android:fitsSystemWindows="true"
207-->[androidx.credentials:credentials-play-services-auth:1.2.0-rc01] AndroidManifest.xml:39:13-45
208            android:theme="@style/Theme.Hidden" >
208-->[androidx.credentials:credentials-play-services-auth:1.2.0-rc01] AndroidManifest.xml:40:13-48
209        </activity>
210        <activity
210-->[com.google.android.gms:play-services-auth:21.5.1] AndroidManifest.xml:23:9-27:75
211            android:name="com.google.android.gms.auth.api.signin.internal.SignInHubActivity"
211-->[com.google.android.gms:play-services-auth:21.5.1] AndroidManifest.xml:24:13-93
212            android:excludeFromRecents="true"
212-->[com.google.android.gms:play-services-auth:21.5.1] AndroidManifest.xml:25:13-46
213            android:exported="false"
213-->[com.google.android.gms:play-services-auth:21.5.1] AndroidManifest.xml:26:13-37
214            android:theme="@android:style/Theme.Translucent.NoTitleBar" />
214-->[com.google.android.gms:play-services-auth:21.5.1] AndroidManifest.xml:27:13-72
215        <!--
216            Service handling Google Sign-In user revocation. For apps that do not integrate with
217            Google Sign-In, this service will never be started.
218        -->
219        <service
219-->[com.google.android.gms:play-services-auth:21.5.1] AndroidManifest.xml:33:9-37:51
220            android:name="com.google.android.gms.auth.api.signin.RevocationBoundService"
220-->[com.google.android.gms:play-services-auth:21.5.1] AndroidManifest.xml:34:13-89
221            android:exported="true"
221-->[com.google.android.gms:play-services-auth:21.5.1] AndroidManifest.xml:35:13-36
222            android:permission="com.google.android.gms.auth.api.signin.permission.REVOCATION_NOTIFICATION"
222-->[com.google.android.gms:play-services-auth:21.5.1] AndroidManifest.xml:36:13-107
223            android:visibleToInstantApps="true" />
223-->[com.google.android.gms:play-services-auth:21.5.1] AndroidManifest.xml:37:13-48
224
225        <receiver
225-->[com.google.android.gms:play-services-measurement:23.2.0] AndroidManifest.xml:29:9-33:20
226            android:name="com.google.android.gms.measurement.AppMeasurementReceiver"
226-->[com.google.android.gms:play-services-measurement:23.2.0] AndroidManifest.xml:30:13-85
227            android:enabled="true"
227-->[com.google.android.gms:play-services-measurement:23.2.0] AndroidManifest.xml:31:13-35
228            android:exported="false" >
228-->[com.google.android.gms:play-services-measurement:23.2.0] AndroidManifest.xml:32:13-37
229        </receiver>
230
231        <service
231-->[com.google.android.gms:play-services-measurement:23.2.0] AndroidManifest.xml:35:9-38:40
232            android:name="com.google.android.gms.measurement.AppMeasurementService"
232-->[com.google.android.gms:play-services-measurement:23.2.0] AndroidManifest.xml:36:13-84
233            android:enabled="true"
233-->[com.google.android.gms:play-services-measurement:23.2.0] AndroidManifest.xml:37:13-35
234            android:exported="false" />
234-->[com.google.android.gms:play-services-measurement:23.2.0] AndroidManifest.xml:38:13-37
235        <service
235-->[com.google.android.gms:play-services-measurement:23.2.0] AndroidManifest.xml:39:9-43:72
236            android:name="com.google.android.gms.measurement.AppMeasurementJobService"
236-->[com.google.android.gms:play-services-measurement:23.2.0] AndroidManifest.xml:40:13-87
237            android:enabled="true"
237-->[com.google.android.gms:play-services-measurement:23.2.0] AndroidManifest.xml:41:13-35
238            android:exported="false"
238-->[com.google.android.gms:play-services-measurement:23.2.0] AndroidManifest.xml:42:13-37
239            android:permission="android.permission.BIND_JOB_SERVICE" />
239-->[com.google.android.gms:play-services-measurement:23.2.0] AndroidManifest.xml:43:13-69
240
241        <provider
241-->[com.google.firebase:firebase-common:22.0.1] AndroidManifest.xml:23:9-28:39
242            android:name="com.google.firebase.provider.FirebaseInitProvider"
242-->[com.google.firebase:firebase-common:22.0.1] AndroidManifest.xml:24:13-77
243            android:authorities="com.locapin.mobile.firebaseinitprovider"
243-->[com.google.firebase:firebase-common:22.0.1] AndroidManifest.xml:25:13-72
244            android:directBootAware="true"
244-->[com.google.firebase:firebase-common:22.0.1] AndroidManifest.xml:26:13-43
245            android:exported="false"
245-->[com.google.firebase:firebase-common:22.0.1] AndroidManifest.xml:27:13-37
246            android:initOrder="100" />
246-->[com.google.firebase:firebase-common:22.0.1] AndroidManifest.xml:28:13-36
247        <!--
248         The initialization ContentProvider will call FacebookSdk.sdkInitialize automatically
249         with the application context. This config is merged in with the host app's manifest,
250         but there can only be one provider with the same authority activated at any given
251         point; so if the end user has two or more different apps that use Facebook SDK, only the